<?xml version="1.0" encoding="UTF-8"?>
<testng-results skipped="0" failed="0" ignored="0" total="2" passed="2">
  <reporter-output>
  </reporter-output>
  <suite name="InternetBankingV1" duration-ms="47625" started-at="2021-04-05T07:04:18Z" finished-at="2021-04-05T07:05:05Z">
    <groups>
    </groups>
    <test name="LoginTest" duration-ms="47625" started-at="2021-04-05T07:04:18Z" finished-at="2021-04-05T07:05:05Z">
      <class name="com.inetbanking.testcases.TC_LoginTest_001">
        <test-method status="PASS" signature="setup(java.lang.String)[pri:0, instance:com.inetbanking.testcases.TC_LoginTest_001@1a968a59]" name="setup" is-config="true" duration-ms="12878" started-at="2021-04-05T07:04:18Z" finished-at="2021-04-05T07:04:31Z">
          <params>
            <param index="0">
              <value>
                <![CDATA[chrome]]>
              </value>
            </param>
          </params>
          <reporter-output>
          </reporter-output>
        </test-method> <!-- setup -->
        <test-method status="PASS" signature="LoginTest()[pri:0, instance:com.inetbanking.testcases.TC_LoginTest_001@1a968a59]" name="LoginTest" duration-ms="12605" started-at="2021-04-05T07:04:31Z" finished-at="2021-04-05T07:04:44Z">
          <reporter-output>
          </reporter-output>
        </test-method> <!-- LoginTest -->
        <test-method status="PASS" signature="teardown()[pri:0, instance:com.inetbanking.testcases.TC_LoginTest_001@1a968a59]" name="teardown" is-config="true" duration-ms="823" started-at="2021-04-05T07:04:44Z" finished-at="2021-04-05T07:04:45Z">
          <reporter-output>
          </reporter-output>
        </test-method> <!-- teardown -->
      </class> <!-- com.inetbanking.testcases.TC_LoginTest_001 -->
      <class name="com.inetbanking.testcases.TC_AddNewCustomerTest_003">
        <test-method status="PASS" signature="setup(java.lang.String)[pri:0, instance:com.inetbanking.testcases.TC_AddNewCustomerTest_003@4667ae56]" name="setup" is-config="true" duration-ms="9568" started-at="2021-04-05T07:04:45Z" finished-at="2021-04-05T07:04:54Z">
          <params>
            <param index="0">
              <value>
                <![CDATA[chrome]]>
              </value>
            </param>
          </params>
          <reporter-output>
          </reporter-output>
        </test-method> <!-- setup -->
        <test-method status="PASS" signature="Addnewcustomer()[pri:0, instance:com.inetbanking.testcases.TC_AddNewCustomerTest_003@4667ae56]" name="Addnewcustomer" duration-ms="9739" started-at="2021-04-05T07:04:54Z" finished-at="2021-04-05T07:05:04Z">
          <reporter-output>
          </reporter-output>
        </test-method> <!-- Addnewcustomer -->
        <test-method status="PASS" signature="teardown()[pri:0, instance:com.inetbanking.testcases.TC_AddNewCustomerTest_003@4667ae56]" name="teardown" is-config="true" duration-ms="1210" started-at="2021-04-05T07:05:04Z" finished-at="2021-04-05T07:05:05Z">
          <reporter-output>
          </reporter-output>
        </test-method> <!-- teardown -->
      </class> <!-- com.inetbanking.testcases.TC_AddNewCustomerTest_003 -->
    </test> <!-- LoginTest -->
  </suite> <!-- InternetBankingV1 -->
</testng-results>
